#-----------------------------------------------------------
# Vivado v2022.2 (64-bit)
# SW Build 3671981 on Fri Oct 14 05:00:03 MDT 2022
# IP Build 3669848 on Fri Oct 14 08:30:02 MDT 2022
# Start of session at: Wed Oct  9 13:09:07 2024
# Process ID: 5736
# Current directory: C:/Users/jkali/ece385/lab52
# Command line: vivado.exe -gui_launcher_event rodinguilauncherevent34364 C:\Users\jkali\ece385\lab52\lab51.xpr
# Log file: C:/Users/jkali/ece385/lab52/vivado.log
# Journal file: C:/Users/jkali/ece385/lab52\vivado.jou
# Running On: Jakes_ZenBook, OS: Windows, CPU Frequency: 2688 MHz, CPU Physical cores: 14, Host memory: 34036 MB
#-----------------------------------------------------------
start_gui
open_project C:/Users/jkali/ece385/lab52/lab51.xpr
WARNING: [Board 49-26] cannot add Board Part xilinx.com:kc705:part0:1.6 available at C:/Xilinx/Vivado/2022.2/data/xhub/boards/XilinxBoardStore/boards/Xilinx/kc705/1.6/board.xml as part xc7k325tffg900-2 specified in board_part file is either invalid or not available
WARNING: [Board 49-26] cannot add Board Part xilinx.com:kcu105:part0:1.6 available at C:/Xilinx/Vivado/2022.2/data/xhub/boards/XilinxBoardStore/boards/Xilinx/kcu105/1.6/board.xml as part xcku040-ffva1156-2-e specified in board_part file is either invalid or not available
WARNING: [Board 49-26] cannot add Board Part xilinx.com:kcu105:part0:1.7 available at C:/Xilinx/Vivado/2022.2/data/xhub/boards/XilinxBoardStore/boards/Xilinx/kcu105/1.7/board.xml as part xcku040-ffva1156-2-e specified in board_part file is either invalid or not available
WARNING: [Board 49-26] cannot add Board Part xilinx.com:kcu1500:part0:1.2 available at C:/Xilinx/Vivado/2022.2/data/xhub/boards/XilinxBoardStore/boards/Xilinx/kcu1500/1.2/board.xml as part xcku115-flvb2104-2-e specified in board_part file is either invalid or not available
WARNING: [Board 49-26] cannot add Board Part xilinx.com:vc707:part0:1.4 available at C:/Xilinx/Vivado/2022.2/data/xhub/boards/XilinxBoardStore/boards/Xilinx/vc707/1.4/board.xml as part xc7vx485tffg1761-2 specified in board_part file is either invalid or not available
WARNING: [Board 49-26] cannot add Board Part xilinx.com:vc709:part0:1.8 available at C:/Xilinx/Vivado/2022.2/data/xhub/boards/XilinxBoardStore/boards/Xilinx/vc709/1.8/board.xml as part xc7vx690tffg1761-2 specified in board_part file is either invalid or not available
WARNING: [Board 49-26] cannot add Board Part xilinx.com:vck190:part0:2.2 available at C:/Xilinx/Vivado/2022.2/data/xhub/boards/XilinxBoardStore/boards/Xilinx/vck190/production/2.2/board.xml as part xcvc1902-vsva2197-2mp-e-s specified in board_part file is either invalid or not available
WARNING: [Board 49-26] cannot add Board Part xilinx.com:vck190:part0:3.0 available at C:/Xilinx/Vivado/2022.2/data/xhub/boards/XilinxBoardStore/boards/Xilinx/vck190/production/3.0/board.xml as part xcvc1902-vsva2197-2mp-e-s specified in board_part file is either invalid or not available
WARNING: [Board 49-26] cannot add Board Part xilinx.com:vck190:part0:3.1 available at C:/Xilinx/Vivado/2022.2/data/xhub/boards/XilinxBoardStore/boards/Xilinx/vck190/production/3.1/board.xml as part xcvc1902-vsva2197-2mp-e-s specified in board_part file is either invalid or not available
WARNING: [Board 49-26] cannot add Board Part xilinx.com:vck190_newl:part0:1.0 available at C:/Xilinx/Vivado/2022.2/data/xhub/boards/XilinxBoardStore/boards/Xilinx/vck190_newl/production/1.0/board.xml as part xcvc1902-vsva2197-2mp-e-s specified in board_part file is either invalid or not available
WARNING: [Board 49-26] cannot add Board Part xilinx.com:vcu108:part0:1.6 available at C:/Xilinx/Vivado/2022.2/data/xhub/boards/XilinxBoardStore/boards/Xilinx/vcu108/1.6/board.xml as part xcvu095-ffva2104-2-e specified in board_part file is either invalid or not available
WARNING: [Board 49-26] cannot add Board Part xilinx.com:vcu108:part0:1.7 available at C:/Xilinx/Vivado/2022.2/data/xhub/boards/XilinxBoardStore/boards/Xilinx/vcu108/1.7/board.xml as part xcvu095-ffva2104-2-e specified in board_part file is either invalid or not available
WARNING: [Board 49-26] cannot add Board Part xilinx.com:vcu110:part0:1.4 available at C:/Xilinx/Vivado/2022.2/data/xhub/boards/XilinxBoardStore/boards/Xilinx/vcu110/1.4/board.xml as part xcvu190-flgc2104-2-e specified in board_part file is either invalid or not available
WARNING: [Board 49-26] cannot add Board Part xilinx.com:vcu118:part0:2.0 available at C:/Xilinx/Vivado/2022.2/data/xhub/boards/XilinxBoardStore/boards/Xilinx/vcu118/2.0/board.xml as part xcvu9p-flga2104-2l-e specified in board_part file is either invalid or not available
WARNING: [Board 49-26] cannot add Board Part xilinx.com:vcu118:part0:2.3 available at C:/Xilinx/Vivado/2022.2/data/xhub/boards/XilinxBoardStore/boards/Xilinx/vcu118/2.3/board.xml as part xcvu9p-flga2104-2l-e specified in board_part file is either invalid or not available
WARNING: [Board 49-26] cannot add Board Part xilinx.com:vcu118:part0:2.4 available at C:/Xilinx/Vivado/2022.2/data/xhub/boards/XilinxBoardStore/boards/Xilinx/vcu118/2.4/board.xml as part xcvu9p-flga2104-2l-e specified in board_part file is either invalid or not available
WARNING: [Board 49-26] cannot add Board Part xilinx.com:vcu128:part0:1.0 available at C:/Xilinx/Vivado/2022.2/data/xhub/boards/XilinxBoardStore/boards/Xilinx/vcu128/production/1.0/board.xml as part xcvu37p-fsvh2892-2l-e specified in board_part file is either invalid or not available
WARNING: [Board 49-26] cannot add Board Part xilinx.com:vcu129:part0:1.0 available at C:/Xilinx/Vivado/2022.2/data/xhub/boards/XilinxBoardStore/boards/Xilinx/vcu129/production/1.0/board.xml as part xcvu29p-fsga2577-2l-e specified in board_part file is either invalid or not available
WARNING: [Board 49-26] cannot add Board Part xilinx.com:vcu1525:part0:1.3 available at C:/Xilinx/Vivado/2022.2/data/xhub/boards/XilinxBoardStore/boards/Xilinx/vcu1525/1.3/board.xml as part xcvu9p-fsgd2104-2l-e specified in board_part file is either invalid or not available
WARNING: [Board 49-26] cannot add Board Part xilinx.com:vek280_es:part0:1.0 available at C:/Xilinx/Vivado/2022.2/data/xhub/boards/XilinxBoardStore/boards/Xilinx/vek280/es/1.0/board.xml as part xcve2802-vsvh1760-2lp-e-s-es1 specified in board_part file is either invalid or not available
WARNING: [Board 49-26] cannot add Board Part xilinx.com:vermeo_t1_mpsoc:part0:1.0 available at C:/Xilinx/Vivado/2022.2/data/xhub/boards/XilinxBoardStore/boards/Xilinx/vermeo_t1_mpsoc/1.0/board.xml as part xczu19eg-ffvd1760-2l-e specified in board_part file is either invalid or not available
WARNING: [Board 49-26] cannot add Board Part xilinx.com:vermeo_t1_rfsoc:part0:1.0 available at C:/Xilinx/Vivado/2022.2/data/xhub/boards/XilinxBoardStore/boards/Xilinx/vermeo_t1_rfsoc/1.0/board.xml as part xczu21dr-ffvd1156-2l-e specified in board_part file is either invalid or not available
WARNING: [Board 49-26] cannot add Board Part xilinx.com:vhk158_es:part0:1.0 available at C:/Xilinx/Vivado/2022.2/data/xhub/boards/XilinxBoardStore/boards/Xilinx/vhk158/es/1.0/board.xml as part xcvh1582-vsva3697-2mp-e-s-es1 specified in board_part file is either invalid or not available
WARNING: [Board 49-26] cannot add Board Part xilinx.com:vmk180:part0:2.2 available at C:/Xilinx/Vivado/2022.2/data/xhub/boards/XilinxBoardStore/boards/Xilinx/vmk180/production/2.2/board.xml as part xcvm1802-vsva2197-2mp-e-s specified in board_part file is either invalid or not available
WARNING: [Board 49-26] cannot add Board Part xilinx.com:vmk180:part0:3.0 available at C:/Xilinx/Vivado/2022.2/data/xhub/boards/XilinxBoardStore/boards/Xilinx/vmk180/production/3.0/board.xml as part xcvm1802-vsva2197-2mp-e-s specified in board_part file is either invalid or not available
WARNING: [Board 49-26] cannot add Board Part xilinx.com:vmk180:part0:3.1 available at C:/Xilinx/Vivado/2022.2/data/xhub/boards/XilinxBoardStore/boards/Xilinx/vmk180/production/3.1/board.xml as part xcvm1802-vsva2197-2mp-e-s specified in board_part file is either invalid or not available
WARNING: [Board 49-26] cannot add Board Part xilinx.com:vmk180_newl:part0:1.0 available at C:/Xilinx/Vivado/2022.2/data/xhub/boards/XilinxBoardStore/boards/Xilinx/vmk180_newl/production/1.0/board.xml as part xcvm1802-vsva2197-2mp-e-s specified in board_part file is either invalid or not available
WARNING: [Board 49-26] cannot add Board Part xilinx.com:vpk120:part0:1.0 available at C:/Xilinx/Vivado/2022.2/data/xhub/boards/XilinxBoardStore/boards/Xilinx/vpk120/production/1.0/board.xml as part xcvp1202-vsva2785-2mp-e-s specified in board_part file is either invalid or not available
WARNING: [Board 49-26] cannot add Board Part xilinx.com:vpk120_es:part0:1.2 available at C:/Xilinx/Vivado/2022.2/data/xhub/boards/XilinxBoardStore/boards/Xilinx/vpk120/es/1.2/board.xml as part xcvp1202-vsva2785-2mp-e-s-es1 specified in board_part file is either invalid or not available
WARNING: [Board 49-26] cannot add Board Part xilinx.com:vpk120_es_revb:part0:1.0 available at C:/Xilinx/Vivado/2022.2/data/xhub/boards/XilinxBoardStore/boards/Xilinx/vpk120_revb/es/1.0/board.xml as part xcvp1202-vsva2785-2mp-e-s-es1 specified in board_part file is either invalid or not available
WARNING: [Board 49-26] cannot add Board Part xilinx.com:vpk180_es:part0:1.0 available at C:/Xilinx/Vivado/2022.2/data/xhub/boards/XilinxBoardStore/boards/Xilinx/vpk180/es/1.0/board.xml as part xcvp1802-lsvc4072-2mp-e-s-es1 specified in board_part file is either invalid or not available
WARNING: [Board 49-26] cannot add Board Part xilinx.com:zc706:part0:1.4 available at C:/Xilinx/Vivado/2022.2/data/xhub/boards/XilinxBoardStore/boards/Xilinx/zc706/1.4/board.xml as part xc7z045ffg900-2 specified in board_part file is either invalid or not available
WARNING: [Board 49-26] cannot add Board Part xilinx.com:zcu102:part0:3.3 available at C:/Xilinx/Vivado/2022.2/data/xhub/boards/XilinxBoardStore/boards/Xilinx/zcu102/3.3/board.xml as part xczu9eg-ffvb1156-2-e specified in board_part file is either invalid or not available
WARNING: [Board 49-26] cannot add Board Part xilinx.com:zcu102:part0:3.4 available at C:/Xilinx/Vivado/2022.2/data/xhub/boards/XilinxBoardStore/boards/Xilinx/zcu102/3.4/board.xml as part xczu9eg-ffvb1156-2-e specified in board_part file is either invalid or not available
WARNING: [Board 49-26] cannot add Board Part xilinx.com:zcu111:part0:1.2 available at C:/Xilinx/Vivado/2022.2/data/xhub/boards/XilinxBoardStore/boards/Xilinx/zcu111/1.2/board.xml as part xczu28dr-ffvg1517-2-e specified in board_part file is either invalid or not available
WARNING: [Board 49-26] cannot add Board Part xilinx.com:zcu111:part0:1.3 available at C:/Xilinx/Vivado/2022.2/data/xhub/boards/XilinxBoardStore/boards/Xilinx/zcu111/1.3/board.xml as part xczu28dr-ffvg1517-2-e specified in board_part file is either invalid or not available
WARNING: [Board 49-26] cannot add Board Part xilinx.com:zcu111:part0:1.4 available at C:/Xilinx/Vivado/2022.2/data/xhub/boards/XilinxBoardStore/boards/Xilinx/zcu111/1.4/board.xml as part xczu28dr-ffvg1517-2-e specified in board_part file is either invalid or not available
WARNING: [Board 49-26] cannot add Board Part xilinx.com:zcu1275:part0:1.0 available at C:/Xilinx/Vivado/2022.2/data/xhub/boards/XilinxBoardStore/boards/Xilinx/zcu1275/1.0/board.xml as part xczu29dr-ffvf1760-2-e specified in board_part file is either invalid or not available
WARNING: [Board 49-26] cannot add Board Part xilinx.com:zcu1285:part0:1.0 available at C:/Xilinx/Vivado/2022.2/data/xhub/boards/XilinxBoardStore/boards/Xilinx/zcu1285/1.0/board.xml as part xczu39dr-ffvf1760-2-i specified in board_part file is either invalid or not available
WARNING: [Board 49-26] cannot add Board Part xilinx.com:zcu208:part0:2.0 available at C:/Xilinx/Vivado/2022.2/data/xhub/boards/XilinxBoardStore/boards/Xilinx/zcu208/production/2.0/board.xml as part xczu48dr-fsvg1517-2-e specified in board_part file is either invalid or not available
WARNING: [Board 49-26] cannot add Board Part xilinx.com:zcu208ld:part0:2.0 available at C:/Xilinx/Vivado/2022.2/data/xhub/boards/XilinxBoardStore/boards/Xilinx/zcu208ld/production/2.0/board.xml as part xczu58dr-fsvg1517-2-i specified in board_part file is either invalid or not available
WARNING: [Board 49-26] cannot add Board Part xilinx.com:zcu216:part0:2.0 available at C:/Xilinx/Vivado/2022.2/data/xhub/boards/XilinxBoardStore/boards/Xilinx/zcu216/production/2.0/board.xml as part xczu49dr-ffvf1760-2-e specified in board_part file is either invalid or not available
WARNING: [Board 49-26] cannot add Board Part xilinx.com:zcu216ld:part0:2.0 available at C:/Xilinx/Vivado/2022.2/data/xhub/boards/XilinxBoardStore/boards/Xilinx/zcu216ld/production/2.0/board.xml as part xczu59dr-ffvf1760-2-i specified in board_part file is either invalid or not available
WARNING: [Board 49-26] cannot add Board Part xilinx.com:zcu670:part0:2.0 available at C:/Xilinx/Vivado/2022.2/data/xhub/boards/XilinxBoardStore/boards/Xilinx/zcu670/2.0/board.xml as part xczu67dr-fsve1156-2-i specified in board_part file is either invalid or not available
WARNING: [Board 49-26] cannot add Board Part xilinx.com:zcu670ld:part0:1.0 available at C:/Xilinx/Vivado/2022.2/data/xhub/boards/XilinxBoardStore/boards/Xilinx/zcu670ld/1.0/board.xml as part xczu57dr-fsve1156-2-i specified in board_part file is either invalid or not available
INFO: [Project 1-313] Project file moved from 'U:/lab51' since last save.
CRITICAL WARNING: [Project 1-19] Could not find the file 'C:/Users/jacobak3/Downloads/lab5_provided_fa24/lab5_provided_fa24/srcs/control.sv'.
CRITICAL WARNING: [Project 1-19] Could not find the file 'C:/Users/jacobak3/Downloads/lab5_provided_fa24/lab5_provided_fa24/srcs/cpu.sv'.
CRITICAL WARNING: [Project 1-19] Could not find the file 'C:/Users/jacobak3/Downloads/lab5_provided_fa24/lab5_provided_fa24/srcs/cpu_to_io.sv'.
CRITICAL WARNING: [Project 1-19] Could not find the file 'C:/Users/jacobak3/Downloads/lab5_provided_fa24/lab5_provided_fa24/srcs/hex_driver.sv'.
CRITICAL WARNING: [Project 1-19] Could not find the file 'C:/Users/jacobak3/Downloads/lab5_provided_fa24/lab5_provided_fa24/srcs/types.sv'.
CRITICAL WARNING: [Project 1-19] Could not find the file 'C:/Users/jacobak3/Downloads/lab5_provided_fa24/lab5_provided_fa24/srcs/instantiate_ram.sv'.
CRITICAL WARNING: [Project 1-19] Could not find the file 'C:/Users/jacobak3/Downloads/lab5_provided_fa24/lab5_provided_fa24/srcs/load_reg.sv'.
CRITICAL WARNING: [Project 1-19] Could not find the file 'C:/Users/jacobak3/Downloads/lab5_provided_fa24/lab5_provided_fa24/srcs/memory.sv'.
CRITICAL WARNING: [Project 1-19] Could not find the file 'C:/Users/jacobak3/Downloads/lab5_provided_fa24/lab5_provided_fa24/srcs/slc3.sv'.
CRITICAL WARNING: [Project 1-19] Could not find the file 'C:/Users/jacobak3/Downloads/lab5_provided_fa24/lab5_provided_fa24/srcs/sync.sv'.
CRITICAL WARNING: [Project 1-19] Could not find the file 'C:/Users/jacobak3/Downloads/lab5_provided_fa24/lab5_provided_fa24/srcs/processor_top.sv'.
CRITICAL WARNING: [Project 1-19] Could not find the file 'C:/Users/jacobak3/Downloads/lab5_provided_fa24/lab5_provided_fa24/srcs/test_memory.sv'.
CRITICAL WARNING: [Project 1-19] Could not find the file 'C:/Users/jacobak3/Downloads/lab5_provided_fa24/lab5_provided_fa24/pin_assignment/top.xdc'.
Scanning sources...
Finished scanning sources
INFO: [IP_Flow 19-234] Refreshing IP repositories
INFO: [IP_Flow 19-1704] No user IP repositories specified
INFO: [IP_Flow 19-2313] Loaded Vivado IP repository 'C:/Xilinx/Vivado/2022.2/data/ip'.
open_project: Time (s): cpu = 00:00:08 ; elapsed = 00:00:15 . Memory (MB): peak = 1171.211 ; gain = 325.148
update_compile_order -fileset sources_1
update_compile_order -fileset sources_1
add_files -norecurse -scan_for_includes {C:/Users/jkali/ece385/lab52/lab5_provided_fa24/lab5_provided_fa24/srcs/slc3.sv C:/Users/jkali/ece385/lab52/lab5_provided_fa24/lab5_provided_fa24/srcs/types.sv C:/Users/jkali/ece385/lab52/lab5_provided_fa24/lab5_provided_fa24/srcs/cpu.sv C:/Users/jkali/ece385/lab52/lab5_provided_fa24/lab5_provided_fa24/srcs/processor_top.sv C:/Users/jkali/ece385/lab52/lab5_provided_fa24/lab5_provided_fa24/srcs/hex_driver.sv C:/Users/jkali/ece385/lab52/lab5_provided_fa24/lab5_provided_fa24/srcs/sync.sv C:/Users/jkali/ece385/lab52/lab5_provided_fa24/lab5_provided_fa24/srcs/load_reg.sv C:/Users/jkali/ece385/lab52/lab5_provided_fa24/lab5_provided_fa24/srcs/control.sv C:/Users/jkali/ece385/lab52/lab5_provided_fa24/lab5_provided_fa24/srcs/instantiate_ram.sv C:/Users/jkali/ece385/lab52/lab5_provided_fa24/lab5_provided_fa24/srcs/memory.sv C:/Users/jkali/ece385/lab52/lab5_provided_fa24/lab5_provided_fa24/srcs/test_memory.sv C:/Users/jkali/ece385/lab52/lab5_provided_fa24/lab5_provided_fa24/srcs/cpu_to_io.sv}
INFO: [filemgmt 56-200] Setting project included file 'C:/Users/jkali/ece385/lab52/lab5_provided_fa24/lab5_provided_fa24/srcs/types.sv' to type 'Verilog Header'.
import_files -norecurse {C:/Users/jkali/ece385/lab52/lab5_provided_fa24/lab5_provided_fa24/srcs/slc3.sv C:/Users/jkali/ece385/lab52/lab5_provided_fa24/lab5_provided_fa24/srcs/types.sv C:/Users/jkali/ece385/lab52/lab5_provided_fa24/lab5_provided_fa24/srcs/cpu.sv C:/Users/jkali/ece385/lab52/lab5_provided_fa24/lab5_provided_fa24/srcs/processor_top.sv C:/Users/jkali/ece385/lab52/lab5_provided_fa24/lab5_provided_fa24/srcs/hex_driver.sv C:/Users/jkali/ece385/lab52/lab5_provided_fa24/lab5_provided_fa24/srcs/sync.sv C:/Users/jkali/ece385/lab52/lab5_provided_fa24/lab5_provided_fa24/srcs/load_reg.sv C:/Users/jkali/ece385/lab52/lab5_provided_fa24/lab5_provided_fa24/srcs/control.sv C:/Users/jkali/ece385/lab52/lab5_provided_fa24/lab5_provided_fa24/srcs/instantiate_ram.sv C:/Users/jkali/ece385/lab52/lab5_provided_fa24/lab5_provided_fa24/srcs/memory.sv C:/Users/jkali/ece385/lab52/lab5_provided_fa24/lab5_provided_fa24/srcs/test_memory.sv C:/Users/jkali/ece385/lab52/lab5_provided_fa24/lab5_provided_fa24/srcs/cpu_to_io.sv}
update_compile_order -fileset sources_1
update_compile_order -fileset sources_1
export_ip_user_files -of_objects  [get_files C:/Users/jacobak3/Downloads/lab5_provided_fa24/lab5_provided_fa24/srcs/control.sv] -no_script -reset -force -quiet
remove_files  C:/Users/jacobak3/Downloads/lab5_provided_fa24/lab5_provided_fa24/srcs/control.sv
remove_files  C:/Users/jacobak3/Downloads/lab5_provided_fa24/lab5_provided_fa24/srcs/control.sv
WARNING: [Vivado 12-818] No files matched 'C:/Users/jacobak3/Downloads/lab5_provided_fa24/lab5_provided_fa24/srcs/control.sv'
export_ip_user_files -of_objects  [get_files C:/Users/jacobak3/Downloads/lab5_provided_fa24/lab5_provided_fa24/srcs/cpu.sv] -no_script -reset -force -quiet
remove_files  C:/Users/jacobak3/Downloads/lab5_provided_fa24/lab5_provided_fa24/srcs/cpu.sv
export_ip_user_files -of_objects  [get_files C:/Users/jacobak3/Downloads/lab5_provided_fa24/lab5_provided_fa24/srcs/cpu_to_io.sv] -no_script -reset -force -quiet
export_ip_user_files -of_objects  [get_files C:/Users/jacobak3/Downloads/lab5_provided_fa24/lab5_provided_fa24/srcs/hex_driver.sv] -no_script -reset -force -quiet
export_ip_user_files -of_objects  [get_files C:/Users/jacobak3/Downloads/lab5_provided_fa24/lab5_provided_fa24/srcs/instantiate_ram.sv] -no_script -reset -force -quiet
export_ip_user_files -of_objects  [get_files C:/Users/jacobak3/Downloads/lab5_provided_fa24/lab5_provided_fa24/srcs/load_reg.sv] -no_script -reset -force -quiet
export_ip_user_files -of_objects  [get_files C:/Users/jacobak3/Downloads/lab5_provided_fa24/lab5_provided_fa24/srcs/memory.sv] -no_script -reset -force -quiet
export_ip_user_files -of_objects  [get_files C:/Users/jacobak3/Downloads/lab5_provided_fa24/lab5_provided_fa24/srcs/processor_top.sv] -no_script -reset -force -quiet
export_ip_user_files -of_objects  [get_files C:/Users/jacobak3/Downloads/lab5_provided_fa24/lab5_provided_fa24/srcs/slc3.sv] -no_script -reset -force -quiet
export_ip_user_files -of_objects  [get_files C:/Users/jacobak3/Downloads/lab5_provided_fa24/lab5_provided_fa24/srcs/sync.sv] -no_script -reset -force -quiet
export_ip_user_files -of_objects  [get_files C:/Users/jacobak3/Downloads/lab5_provided_fa24/lab5_provided_fa24/srcs/test_memory.sv] -no_script -reset -force -quiet
export_ip_user_files -of_objects  [get_files C:/Users/jacobak3/Downloads/lab5_provided_fa24/lab5_provided_fa24/srcs/types.sv] -no_script -reset -force -quiet
remove_files  {C:/Users/jacobak3/Downloads/lab5_provided_fa24/lab5_provided_fa24/srcs/cpu_to_io.sv C:/Users/jacobak3/Downloads/lab5_provided_fa24/lab5_provided_fa24/srcs/hex_driver.sv C:/Users/jacobak3/Downloads/lab5_provided_fa24/lab5_provided_fa24/srcs/instantiate_ram.sv C:/Users/jacobak3/Downloads/lab5_provided_fa24/lab5_provided_fa24/srcs/load_reg.sv C:/Users/jacobak3/Downloads/lab5_provided_fa24/lab5_provided_fa24/srcs/memory.sv C:/Users/jacobak3/Downloads/lab5_provided_fa24/lab5_provided_fa24/srcs/processor_top.sv C:/Users/jacobak3/Downloads/lab5_provided_fa24/lab5_provided_fa24/srcs/slc3.sv C:/Users/jacobak3/Downloads/lab5_provided_fa24/lab5_provided_fa24/srcs/sync.sv C:/Users/jacobak3/Downloads/lab5_provided_fa24/lab5_provided_fa24/srcs/test_memory.sv C:/Users/jacobak3/Downloads/lab5_provided_fa24/lab5_provided_fa24/srcs/types.sv}
export_ip_user_files -of_objects  [get_files C:/Users/jacobak3/Downloads/lab5_provided_fa24/lab5_provided_fa24/pin_assignment/top.xdc] -no_script -reset -force -quiet
remove_files  -fileset constrs_1 C:/Users/jacobak3/Downloads/lab5_provided_fa24/lab5_provided_fa24/pin_assignment/top.xdc
add_files -fileset constrs_1 -norecurse C:/Users/jkali/ece385/lab52/lab5_provided_fa24/lab5_provided_fa24/pin_assignment/top.xdc
import_files -fileset constrs_1 C:/Users/jkali/ece385/lab52/lab5_provided_fa24/lab5_provided_fa24/pin_assignment/top.xdc
export_ip_user_files -of_objects  [get_files C:/Users/jkali/ece385/lab52/lab51.srcs/sim_1/new/tb_autocount.sv] -no_script -reset -force -quiet
remove_files  -fileset sim_1 C:/Users/jkali/ece385/lab52/lab51.srcs/sim_1/new/tb_autocount.sv
file delete -force C:/Users/jkali/ece385/lab52/lab51.srcs/sim_1/new/tb_autocount.sv
reset_run synth_1
INFO: [Project 1-1161] Replacing file C:/Users/jkali/ece385/lab52/lab51.srcs/utils_1/imports/synth_1/processor_top.dcp with file C:/Users/jkali/ece385/lab52/lab51.runs/synth_1/processor_top.dcp
launch_runs synth_1 -jobs 10
[Wed Oct  9 13:17:22 2024] Launched synth_1...
Run output will be captured here: C:/Users/jkali/ece385/lab52/lab51.runs/synth_1/runme.log
launch_runs impl_1 -jobs 10
[Wed Oct  9 13:19:32 2024] Launched impl_1...
Run output will be captured here: C:/Users/jkali/ece385/lab52/lab51.runs/impl_1/runme.log
launch_runs impl_1 -to_step write_bitstream -jobs 10
[Wed Oct  9 13:22:47 2024] Launched impl_1...
Run output will be captured here: C:/Users/jkali/ece385/lab52/lab51.runs/impl_1/runme.log
exit
INFO: [Common 17-206] Exiting Vivado at Wed Oct  9 13:24:15 2024...
