
*** Running vivado
    with args -log processor_top.vds -m64 -product Vivado -mode batch -messageDb vivado.pb -notrace -source processor_top.tcl



****** Vivado v2022.2 (64-bit)
  **** SW Build 3671981 on Fri Oct 14 05:00:03 MDT 2022
  **** IP Build 3669848 on Fri Oct 14 08:30:02 MDT 2022
    ** Copyright 1986-2022 Xilinx, Inc. All Rights Reserved.

source processor_top.tcl -notrace
Command: read_checkpoint -auto_incremental -incremental C:/Users/jkali/ece385/lab52/lab52_from_vi_email/lab52_from_vi_email.srcs/utils_1/imports/synth_1/processor_top.dcp
INFO: [Vivado 12-5825] Read reference checkpoint from C:/Users/jkali/ece385/lab52/lab52_from_vi_email/lab52_from_vi_email.srcs/utils_1/imports/synth_1/processor_top.dcp for incremental synthesis
INFO: [Vivado 12-7989] Please ensure there are no constraint changes
Command: synth_design -top processor_top -part xc7s50csga324-1
Starting synth_design
Attempting to get a license for feature 'Synthesis' and/or device 'xc7s50'
INFO: [Common 17-349] Got license for feature 'Synthesis' and/or device 'xc7s50'
INFO: [Device 21-403] Loading part xc7s50csga324-1
INFO: [Designutils 20-5440] No compile time benefit to using incremental synthesis; A full resynthesis will be run
INFO: [Designutils 20-4379] Flow is switching to default flow due to incremental criteria not met. If you would like to alter this behaviour and have the flow terminate instead, please set the following parameter config_implementation {autoIncr.Synth.RejectBehavior Terminate}
INFO: [Synth 8-7079] Multithreading enabled for synth_design using a maximum of 2 processes.
INFO: [Synth 8-7078] Launching helper process for spawning children vivado processes
INFO: [Synth 8-7075] Helper process launched with PID 28264
INFO: [Synth 8-11241] undeclared symbol 'REGCCE', assumed default net type 'wire' [C:/Xilinx/Vivado/2022.2/data/verilog/src/unimacro/BRAM_SINGLE_MACRO.v:2170]
WARNING: [Synth 8-11067] parameter 'NO_OP' declared inside package 'SLC3_TYPES' shall be treated as localparam [C:/Users/jkali/ece385/lab52/lab52_from_vi_email/lab52_from_vi_email.srcs/sources_1/imports/lab5 files/types.sv:58]
WARNING: [Synth 8-11067] parameter 'outHEX' declared inside package 'SLC3_TYPES' shall be treated as localparam [C:/Users/jkali/ece385/lab52/lab52_from_vi_email/lab52_from_vi_email.srcs/sources_1/imports/lab5 files/types.sv:88]
WARNING: [Synth 8-11067] parameter 'inSW' declared inside package 'SLC3_TYPES' shall be treated as localparam [C:/Users/jkali/ece385/lab52/lab52_from_vi_email/lab52_from_vi_email.srcs/sources_1/imports/lab5 files/types.sv:89]
---------------------------------------------------------------------------------
Starting RTL Elaboration : Time (s): cpu = 00:00:01 ; elapsed = 00:00:04 . Memory (MB): peak = 1209.363 ; gain = 410.445
---------------------------------------------------------------------------------
INFO: [Synth 8-6157] synthesizing module 'processor_top' [C:/Users/jkali/ece385/lab52/lab52_from_vi_email/lab52_from_vi_email.srcs/sources_1/imports/lab5 files/processor_top.sv:3]
INFO: [Synth 8-6157] synthesizing module 'sync_debounce' [C:/Users/jkali/ece385/lab52/lab52_from_vi_email/lab52_from_vi_email.srcs/sources_1/imports/lab5 files/sync.sv:9]
INFO: [Synth 8-6155] done synthesizing module 'sync_debounce' (0#1) [C:/Users/jkali/ece385/lab52/lab52_from_vi_email/lab52_from_vi_email.srcs/sources_1/imports/lab5 files/sync.sv:9]
INFO: [Synth 8-6157] synthesizing module 'sync_flop' [C:/Users/jkali/ece385/lab52/lab52_from_vi_email/lab52_from_vi_email.srcs/sources_1/imports/lab5 files/sync.sv:39]
INFO: [Synth 8-6155] done synthesizing module 'sync_flop' (0#1) [C:/Users/jkali/ece385/lab52/lab52_from_vi_email/lab52_from_vi_email.srcs/sources_1/imports/lab5 files/sync.sv:39]
INFO: [Synth 8-6157] synthesizing module 'slc3' [C:/Users/jkali/ece385/lab52/lab52_from_vi_email/lab52_from_vi_email.srcs/sources_1/imports/lab5 files/slc3.sv:23]
INFO: [Synth 8-6157] synthesizing module 'cpu' [C:/Users/jkali/ece385/lab52/lab52_from_vi_email/lab52_from_vi_email.srcs/sources_1/imports/lab5 files/cpu.sv:23]
INFO: [Synth 8-6157] synthesizing module 'control' [C:/Users/jkali/ece385/lab52/lab52_from_vi_email/lab52_from_vi_email.srcs/sources_1/imports/lab5 files/control.sv:26]
INFO: [Synth 8-294] found qualifier unique on case statement: implementing as parallel_case [C:/Users/jkali/ece385/lab52/lab52_from_vi_email/lab52_from_vi_email.srcs/sources_1/imports/lab5 files/control.sv:355]
INFO: [Synth 8-6155] done synthesizing module 'control' (0#1) [C:/Users/jkali/ece385/lab52/lab52_from_vi_email/lab52_from_vi_email.srcs/sources_1/imports/lab5 files/control.sv:26]
INFO: [Synth 8-6157] synthesizing module 'mux2' [C:/Users/jkali/ece385/lab52/lab52_from_vi_email/lab52_from_vi_email.srcs/sources_1/imports/lab5 files/mux.sv:99]
INFO: [Synth 8-226] default block is never used [C:/Users/jkali/ece385/lab52/lab52_from_vi_email/lab52_from_vi_email.srcs/sources_1/imports/lab5 files/mux.sv:108]
INFO: [Synth 8-6155] done synthesizing module 'mux2' (0#1) [C:/Users/jkali/ece385/lab52/lab52_from_vi_email/lab52_from_vi_email.srcs/sources_1/imports/lab5 files/mux.sv:99]
INFO: [Synth 8-6157] synthesizing module 'mux_pc' [C:/Users/jkali/ece385/lab52/lab52_from_vi_email/lab52_from_vi_email.srcs/sources_1/imports/lab5 files/mux.sv:75]
INFO: [Synth 8-226] default block is never used [C:/Users/jkali/ece385/lab52/lab52_from_vi_email/lab52_from_vi_email.srcs/sources_1/imports/lab5 files/mux.sv:85]
INFO: [Synth 8-6155] done synthesizing module 'mux_pc' (0#1) [C:/Users/jkali/ece385/lab52/lab52_from_vi_email/lab52_from_vi_email.srcs/sources_1/imports/lab5 files/mux.sv:75]
INFO: [Synth 8-6157] synthesizing module 'muxgate' [C:/Users/jkali/ece385/lab52/lab52_from_vi_email/lab52_from_vi_email.srcs/sources_1/imports/lab5 files/mux.sv:26]
INFO: [Synth 8-6155] done synthesizing module 'muxgate' (0#1) [C:/Users/jkali/ece385/lab52/lab52_from_vi_email/lab52_from_vi_email.srcs/sources_1/imports/lab5 files/mux.sv:26]
INFO: [Synth 8-6157] synthesizing module 'regfile' [C:/Users/jkali/ece385/lab52/lab52_from_vi_email/lab52_from_vi_email.srcs/sources_1/imports/lab5 files/regfile.sv:23]
INFO: [Synth 8-6157] synthesizing module 'mux2__parameterized0' [C:/Users/jkali/ece385/lab52/lab52_from_vi_email/lab52_from_vi_email.srcs/sources_1/imports/lab5 files/mux.sv:99]
	Parameter DATA_WIDTH bound to: 3 - type: integer 
INFO: [Synth 8-226] default block is never used [C:/Users/jkali/ece385/lab52/lab52_from_vi_email/lab52_from_vi_email.srcs/sources_1/imports/lab5 files/mux.sv:108]
INFO: [Synth 8-6155] done synthesizing module 'mux2__parameterized0' (0#1) [C:/Users/jkali/ece385/lab52/lab52_from_vi_email/lab52_from_vi_email.srcs/sources_1/imports/lab5 files/mux.sv:99]
INFO: [Synth 8-6155] done synthesizing module 'regfile' (0#1) [C:/Users/jkali/ece385/lab52/lab52_from_vi_email/lab52_from_vi_email.srcs/sources_1/imports/lab5 files/regfile.sv:23]
INFO: [Synth 8-6157] synthesizing module 'sext' [C:/Users/jkali/ece385/lab52/lab52_from_vi_email/lab52_from_vi_email.srcs/sources_1/imports/lab5 files/sext.sv:23]
	Parameter STARTING_WIDTH bound to: 5 - type: integer 
INFO: [Synth 8-6155] done synthesizing module 'sext' (0#1) [C:/Users/jkali/ece385/lab52/lab52_from_vi_email/lab52_from_vi_email.srcs/sources_1/imports/lab5 files/sext.sv:23]
INFO: [Synth 8-6157] synthesizing module 'alu' [C:/Users/jkali/ece385/lab52/lab52_from_vi_email/lab52_from_vi_email.srcs/sources_1/imports/lab5 files/alu.sv:23]
INFO: [Synth 8-6155] done synthesizing module 'alu' (0#1) [C:/Users/jkali/ece385/lab52/lab52_from_vi_email/lab52_from_vi_email.srcs/sources_1/imports/lab5 files/alu.sv:23]
INFO: [Synth 8-6157] synthesizing module 'aru' [C:/Users/jkali/ece385/lab52/lab52_from_vi_email/lab52_from_vi_email.srcs/sources_1/imports/lab5 files/aru.sv:23]
INFO: [Synth 8-6157] synthesizing module 'sext__parameterized0' [C:/Users/jkali/ece385/lab52/lab52_from_vi_email/lab52_from_vi_email.srcs/sources_1/imports/lab5 files/sext.sv:23]
	Parameter STARTING_WIDTH bound to: 11 - type: integer 
INFO: [Synth 8-6155] done synthesizing module 'sext__parameterized0' (0#1) [C:/Users/jkali/ece385/lab52/lab52_from_vi_email/lab52_from_vi_email.srcs/sources_1/imports/lab5 files/sext.sv:23]
INFO: [Synth 8-6157] synthesizing module 'sext__parameterized1' [C:/Users/jkali/ece385/lab52/lab52_from_vi_email/lab52_from_vi_email.srcs/sources_1/imports/lab5 files/sext.sv:23]
	Parameter STARTING_WIDTH bound to: 9 - type: integer 
INFO: [Synth 8-6155] done synthesizing module 'sext__parameterized1' (0#1) [C:/Users/jkali/ece385/lab52/lab52_from_vi_email/lab52_from_vi_email.srcs/sources_1/imports/lab5 files/sext.sv:23]
INFO: [Synth 8-6157] synthesizing module 'sext__parameterized2' [C:/Users/jkali/ece385/lab52/lab52_from_vi_email/lab52_from_vi_email.srcs/sources_1/imports/lab5 files/sext.sv:23]
	Parameter STARTING_WIDTH bound to: 6 - type: integer 
INFO: [Synth 8-6155] done synthesizing module 'sext__parameterized2' (0#1) [C:/Users/jkali/ece385/lab52/lab52_from_vi_email/lab52_from_vi_email.srcs/sources_1/imports/lab5 files/sext.sv:23]
INFO: [Synth 8-6155] done synthesizing module 'aru' (0#1) [C:/Users/jkali/ece385/lab52/lab52_from_vi_email/lab52_from_vi_email.srcs/sources_1/imports/lab5 files/aru.sv:23]
INFO: [Synth 8-6157] synthesizing module 'ben_logic' [C:/Users/jkali/ece385/lab52/lab52_from_vi_email/lab52_from_vi_email.srcs/sources_1/imports/lab5 files/ben_logic.sv:23]
INFO: [Synth 8-6155] done synthesizing module 'ben_logic' (0#1) [C:/Users/jkali/ece385/lab52/lab52_from_vi_email/lab52_from_vi_email.srcs/sources_1/imports/lab5 files/ben_logic.sv:23]
INFO: [Synth 8-6157] synthesizing module 'load_reg' [C:/Users/jkali/ece385/lab52/lab52_from_vi_email/lab52_from_vi_email.srcs/sources_1/imports/lab5 files/load_reg.sv:1]
	Parameter DATA_WIDTH bound to: 16 - type: integer 
INFO: [Synth 8-6155] done synthesizing module 'load_reg' (0#1) [C:/Users/jkali/ece385/lab52/lab52_from_vi_email/lab52_from_vi_email.srcs/sources_1/imports/lab5 files/load_reg.sv:1]
INFO: [Synth 8-6155] done synthesizing module 'cpu' (0#1) [C:/Users/jkali/ece385/lab52/lab52_from_vi_email/lab52_from_vi_email.srcs/sources_1/imports/lab5 files/cpu.sv:23]
INFO: [Synth 8-6157] synthesizing module 'cpu_to_io' [C:/Users/jkali/ece385/lab52/lab52_from_vi_email/lab52_from_vi_email.srcs/sources_1/imports/lab5 files/cpu_to_io.sv:1]
INFO: [Synth 8-6157] synthesizing module 'hex_driver' [C:/Users/jkali/ece385/lab52/lab52_from_vi_email/lab52_from_vi_email.srcs/sources_1/imports/lab5 files/hex_driver.sv:1]
INFO: [Synth 8-6157] synthesizing module 'nibble_to_hex' [C:/Users/jkali/ece385/lab52/lab52_from_vi_email/lab52_from_vi_email.srcs/sources_1/imports/lab5 files/hex_driver.sv:11]
INFO: [Synth 8-6155] done synthesizing module 'nibble_to_hex' (0#1) [C:/Users/jkali/ece385/lab52/lab52_from_vi_email/lab52_from_vi_email.srcs/sources_1/imports/lab5 files/hex_driver.sv:11]
INFO: [Synth 8-6157] synthesizing module 'nibble_to_hex' [C:/Users/jkali/ece385/lab52/lab52_from_vi_email/lab52_from_vi_email.srcs/sources_1/imports/lab5 files/hex_driver.sv:11]
INFO: [Synth 8-6155] done synthesizing module 'nibble_to_hex' (0#1) [C:/Users/jkali/ece385/lab52/lab52_from_vi_email/lab52_from_vi_email.srcs/sources_1/imports/lab5 files/hex_driver.sv:11]
INFO: [Synth 8-6157] synthesizing module 'nibble_to_hex' [C:/Users/jkali/ece385/lab52/lab52_from_vi_email/lab52_from_vi_email.srcs/sources_1/imports/lab5 files/hex_driver.sv:11]
INFO: [Synth 8-6155] done synthesizing module 'nibble_to_hex' (0#1) [C:/Users/jkali/ece385/lab52/lab52_from_vi_email/lab52_from_vi_email.srcs/sources_1/imports/lab5 files/hex_driver.sv:11]
INFO: [Synth 8-6157] synthesizing module 'nibble_to_hex' [C:/Users/jkali/ece385/lab52/lab52_from_vi_email/lab52_from_vi_email.srcs/sources_1/imports/lab5 files/hex_driver.sv:11]
INFO: [Synth 8-6155] done synthesizing module 'nibble_to_hex' (0#1) [C:/Users/jkali/ece385/lab52/lab52_from_vi_email/lab52_from_vi_email.srcs/sources_1/imports/lab5 files/hex_driver.sv:11]
INFO: [Synth 8-6155] done synthesizing module 'hex_driver' (0#1) [C:/Users/jkali/ece385/lab52/lab52_from_vi_email/lab52_from_vi_email.srcs/sources_1/imports/lab5 files/hex_driver.sv:1]
INFO: [Synth 8-6155] done synthesizing module 'cpu_to_io' (0#1) [C:/Users/jkali/ece385/lab52/lab52_from_vi_email/lab52_from_vi_email.srcs/sources_1/imports/lab5 files/cpu_to_io.sv:1]
INFO: [Synth 8-6155] done synthesizing module 'slc3' (0#1) [C:/Users/jkali/ece385/lab52/lab52_from_vi_email/lab52_from_vi_email.srcs/sources_1/imports/lab5 files/slc3.sv:23]
INFO: [Synth 8-6157] synthesizing module 'memory' [C:/Users/jkali/ece385/lab52/lab52_from_vi_email/lab52_from_vi_email.srcs/sources_1/imports/lab5 files/memory.sv:3]
INFO: [Synth 8-6157] synthesizing module 'instantiate_ram' [C:/Users/jkali/ece385/lab52/lab52_from_vi_email/lab52_from_vi_email.srcs/sources_1/imports/lab5 files/instantiate_ram.sv:18]
INFO: [Synth 8-294] found qualifier unique on case statement: implementing as parallel_case [C:/Users/jkali/ece385/lab52/lab52_from_vi_email/lab52_from_vi_email.srcs/sources_1/imports/lab5 files/types.sv:218]
INFO: [Synth 8-6155] done synthesizing module 'instantiate_ram' (0#1) [C:/Users/jkali/ece385/lab52/lab52_from_vi_email/lab52_from_vi_email.srcs/sources_1/imports/lab5 files/instantiate_ram.sv:18]
INFO: [Synth 8-6157] synthesizing module 'blk_mem_gen_0' [C:/Users/jkali/ece385/lab52/lab52_from_vi_email/lab52_from_vi_email.runs/synth_1/.Xil/Vivado-35016-Jakes_ZenBook/realtime/blk_mem_gen_0_stub.v:5]
INFO: [Synth 8-6155] done synthesizing module 'blk_mem_gen_0' (0#1) [C:/Users/jkali/ece385/lab52/lab52_from_vi_email/lab52_from_vi_email.runs/synth_1/.Xil/Vivado-35016-Jakes_ZenBook/realtime/blk_mem_gen_0_stub.v:5]
INFO: [Synth 8-6155] done synthesizing module 'memory' (0#1) [C:/Users/jkali/ece385/lab52/lab52_from_vi_email/lab52_from_vi_email.srcs/sources_1/imports/lab5 files/memory.sv:3]
INFO: [Synth 8-6155] done synthesizing module 'processor_top' (0#1) [C:/Users/jkali/ece385/lab52/lab52_from_vi_email/lab52_from_vi_email.srcs/sources_1/imports/lab5 files/processor_top.sv:3]
WARNING: [Synth 8-7129] Port ir[15] in module ben_logic is either unconnected or has no load
WARNING: [Synth 8-7129] Port ir[14] in module ben_logic is either unconnected or has no load
WARNING: [Synth 8-7129] Port ir[13] in module ben_logic is either unconnected or has no load
WARNING: [Synth 8-7129] Port ir[12] in module ben_logic is either unconnected or has no load
WARNING: [Synth 8-7129] Port ir[8] in module ben_logic is either unconnected or has no load
WARNING: [Synth 8-7129] Port ir[7] in module ben_logic is either unconnected or has no load
WARNING: [Synth 8-7129] Port ir[6] in module ben_logic is either unconnected or has no load
WARNING: [Synth 8-7129] Port ir[5] in module ben_logic is either unconnected or has no load
WARNING: [Synth 8-7129] Port ir[4] in module ben_logic is either unconnected or has no load
WARNING: [Synth 8-7129] Port ir[3] in module ben_logic is either unconnected or has no load
WARNING: [Synth 8-7129] Port ir[2] in module ben_logic is either unconnected or has no load
WARNING: [Synth 8-7129] Port ir[1] in module ben_logic is either unconnected or has no load
WARNING: [Synth 8-7129] Port ir[0] in module ben_logic is either unconnected or has no load
WARNING: [Synth 8-7129] Port ir[15] in module aru is either unconnected or has no load
WARNING: [Synth 8-7129] Port ir[14] in module aru is either unconnected or has no load
WARNING: [Synth 8-7129] Port ir[13] in module aru is either unconnected or has no load
WARNING: [Synth 8-7129] Port ir[12] in module aru is either unconnected or has no load
WARNING: [Synth 8-7129] Port ir[11] in module aru is either unconnected or has no load
WARNING: [Synth 8-7129] Port ir[15] in module regfile is either unconnected or has no load
WARNING: [Synth 8-7129] Port ir[14] in module regfile is either unconnected or has no load
WARNING: [Synth 8-7129] Port ir[13] in module regfile is either unconnected or has no load
WARNING: [Synth 8-7129] Port ir[12] in module regfile is either unconnected or has no load
WARNING: [Synth 8-7129] Port ir[5] in module regfile is either unconnected or has no load
WARNING: [Synth 8-7129] Port ir[4] in module regfile is either unconnected or has no load
WARNING: [Synth 8-7129] Port ir[3] in module regfile is either unconnected or has no load
WARNING: [Synth 8-7129] Port ir[11] in module control is either unconnected or has no load
WARNING: [Synth 8-7129] Port ir[10] in module control is either unconnected or has no load
WARNING: [Synth 8-7129] Port ir[9] in module control is either unconnected or has no load
WARNING: [Synth 8-7129] Port ir[8] in module control is either unconnected or has no load
WARNING: [Synth 8-7129] Port ir[7] in module control is either unconnected or has no load
WARNING: [Synth 8-7129] Port ir[6] in module control is either unconnected or has no load
WARNING: [Synth 8-7129] Port ir[5] in module control is either unconnected or has no load
WARNING: [Synth 8-7129] Port ir[4] in module control is either unconnected or has no load
WARNING: [Synth 8-7129] Port ir[3] in module control is either unconnected or has no load
WARNING: [Synth 8-7129] Port ir[2] in module control is either unconnected or has no load
WARNING: [Synth 8-7129] Port ir[1] in module control is either unconnected or has no load
WARNING: [Synth 8-7129] Port ir[0] in module control is either unconnected or has no load
---------------------------------------------------------------------------------
Finished RTL Elaboration : Time (s): cpu = 00:00:02 ; elapsed = 00:00:05 . Memory (MB): peak = 1307.906 ; gain = 508.988
---------------------------------------------------------------------------------
---------------------------------------------------------------------------------
Start Handling Custom Attributes
---------------------------------------------------------------------------------
---------------------------------------------------------------------------------
Finished Handling Custom Attributes : Time (s): cpu = 00:00:02 ; elapsed = 00:00:05 . Memory (MB): peak = 1307.906 ; gain = 508.988
---------------------------------------------------------------------------------
---------------------------------------------------------------------------------
Finished RTL Optimization Phase 1 : Time (s): cpu = 00:00:02 ; elapsed = 00:00:05 . Memory (MB): peak = 1307.906 ; gain = 508.988
---------------------------------------------------------------------------------
Netlist sorting complete. Time (s): cpu = 00:00:00 ; elapsed = 00:00:00.010 . Memory (MB): peak = 1307.906 ; gain = 0.000
INFO: [Project 1-570] Preparing netlist for logic optimization

Processing XDC Constraints
Initializing timing engine
Parsing XDC File [c:/Users/jkali/ece385/lab52/lab52_from_vi_email/lab52_from_vi_email.gen/sources_1/ip/blk_mem_gen_0/blk_mem_gen_0/blk_mem_gen_0_in_context.xdc] for cell 'mem_subsystem/sram0'
Finished Parsing XDC File [c:/Users/jkali/ece385/lab52/lab52_from_vi_email/lab52_from_vi_email.gen/sources_1/ip/blk_mem_gen_0/blk_mem_gen_0/blk_mem_gen_0_in_context.xdc] for cell 'mem_subsystem/sram0'
Parsing XDC File [C:/Users/jkali/ece385/lab52/lab52_from_vi_email/lab52_from_vi_email.srcs/constrs_1/imports/pin_assignment/top.xdc]
Finished Parsing XDC File [C:/Users/jkali/ece385/lab52/lab52_from_vi_email/lab52_from_vi_email.srcs/constrs_1/imports/pin_assignment/top.xdc]
INFO: [Project 1-236] Implementation specific constraints were found while reading constraint file [C:/Users/jkali/ece385/lab52/lab52_from_vi_email/lab52_from_vi_email.srcs/constrs_1/imports/pin_assignment/top.xdc]. These constraints will be ignored for synthesis but will be used in implementation. Impacted constraints are listed in the file [.Xil/processor_top_propImpl.xdc].
Resolution: To avoid this warning, move constraints listed in [.Xil/processor_top_propImpl.xdc] to another XDC file and exclude this new file from synthesis with the used_in_synthesis property (File Properties dialog in GUI) and re-run elaboration/synthesis.
Completed Processing XDC Constraints

Netlist sorting complete. Time (s): cpu = 00:00:00 ; elapsed = 00:00:00 . Memory (MB): peak = 1414.234 ; gain = 0.000
INFO: [Project 1-111] Unisim Transformation Summary:
No Unisim elements were transformed.

Constraint Validation Runtime : Time (s): cpu = 00:00:00 ; elapsed = 00:00:00.004 . Memory (MB): peak = 1414.234 ; gain = 0.000
WARNING: [Timing 38-316] Clock period '20.000' specified during out-of-context synthesis of instance 'mem_subsystem/sram0' at clock pin 'clka' is different from the actual clock period '10.000', this can lead to different synthesis results.
INFO: [Designutils 20-5440] No compile time benefit to using incremental synthesis; A full resynthesis will be run
INFO: [Designutils 20-4379] Flow is switching to default flow due to incremental criteria not met. If you would like to alter this behaviour and have the flow terminate instead, please set the following parameter config_implementation {autoIncr.Synth.RejectBehavior Terminate}
INFO: [Synth 8-11241] undeclared symbol 'REGCCE', assumed default net type 'wire' [C:/Xilinx/Vivado/2022.2/data/verilog/src/unimacro/BRAM_SINGLE_MACRO.v:2170]
---------------------------------------------------------------------------------
Finished Constraint Validation : Time (s): cpu = 00:00:04 ; elapsed = 00:00:11 . Memory (MB): peak = 1414.621 ; gain = 615.703
---------------------------------------------------------------------------------
---------------------------------------------------------------------------------
Start Loading Part and Timing Information
---------------------------------------------------------------------------------
Loading part: xc7s50csga324-1
---------------------------------------------------------------------------------
Finished Loading Part and Timing Information : Time (s): cpu = 00:00:04 ; elapsed = 00:00:11 . Memory (MB): peak = 1414.621 ; gain = 615.703
---------------------------------------------------------------------------------
---------------------------------------------------------------------------------
Start Applying 'set_property' XDC Constraints
---------------------------------------------------------------------------------
Applied set_property KEEP_HIERARCHY = SOFT for mem_subsystem/sram0. (constraint file  auto generated constraint).
---------------------------------------------------------------------------------
Finished applying 'set_property' XDC Constraints : Time (s): cpu = 00:00:04 ; elapsed = 00:00:11 . Memory (MB): peak = 1414.621 ; gain = 615.703
---------------------------------------------------------------------------------
INFO: [Synth 8-802] inferred FSM for state register 'state_reg' in module 'control'
---------------------------------------------------------------------------------------------------
                   State |                     New Encoding |                Previous Encoding 
---------------------------------------------------------------------------------------------------
                  halted |                            00000 |                            00000
                    s_18 |                            00001 |                            00011
                  s_33_1 |                            00010 |                            00100
                  s_33_2 |                            00011 |                            00101
                  s_33_3 |                            00100 |                            00110
                    s_35 |                            00101 |                            00111
                    s_32 |                            00110 |                            01000
                     s_1 |                            00111 |                            01001
                     s_5 |                            01000 |                            01010
                     s_9 |                            01001 |                            01011
                     s_0 |                            01010 |                            10110
                    s_22 |                            01011 |                            10111
                    s_12 |                            01100 |                            11000
                     s_4 |                            01101 |                            11001
                    s_21 |                            01110 |                            11010
                     s_6 |                            01111 |                            01100
                  s_25_1 |                            10000 |                            01101
                  s_25_2 |                            10001 |                            01110
                  s_25_3 |                            10010 |                            01111
                    s_27 |                            10011 |                            10000
                     s_7 |                            10100 |                            10001
                    s_23 |                            10101 |                            10010
                  s_16_1 |                            10110 |                            10011
                  s_16_2 |                            10111 |                            10100
                  s_16_3 |                            11000 |                            10101
               pause_ir1 |                            11001 |                            00001
               pause_ir2 |                            11010 |                            00010
---------------------------------------------------------------------------------------------------
INFO: [Synth 8-3354] encoded FSM with state register 'state_reg' using encoding 'sequential' in module 'control'
---------------------------------------------------------------------------------
Finished RTL Optimization Phase 2 : Time (s): cpu = 00:00:04 ; elapsed = 00:00:12 . Memory (MB): peak = 1414.621 ; gain = 615.703
---------------------------------------------------------------------------------
---------------------------------------------------------------------------------
Start RTL Component Statistics 
---------------------------------------------------------------------------------
Detailed RTL Component Info : 
+---Adders : 
	   2 Input   16 Bit       Adders := 3     
+---XORs : 
	   2 Input      1 Bit         XORs := 3     
+---Registers : 
	               16 Bit    Registers := 13    
	                3 Bit    Registers := 1     
	                1 Bit    Registers := 43    
+---Muxes : 
	   2 Input   16 Bit        Muxes := 6     
	   4 Input   16 Bit        Muxes := 3     
	 176 Input   16 Bit        Muxes := 1     
	   2 Input   10 Bit        Muxes := 1     
	   4 Input    8 Bit        Muxes := 2     
	   2 Input    8 Bit        Muxes := 2     
	  27 Input    5 Bit        Muxes := 1     
	  10 Input    5 Bit        Muxes := 1     
	   2 Input    5 Bit        Muxes := 1     
	   5 Input    4 Bit        Muxes := 2     
	   2 Input    3 Bit        Muxes := 4     
	  21 Input    2 Bit        Muxes := 3     
	  21 Input    1 Bit        Muxes := 18    
	  27 Input    1 Bit        Muxes := 1     
	   2 Input    1 Bit        Muxes := 11    
---------------------------------------------------------------------------------
Finished RTL Component Statistics 
---------------------------------------------------------------------------------
---------------------------------------------------------------------------------
Start Part Resource Summary
---------------------------------------------------------------------------------
Part Resources:
DSPs: 120 (col length:60)
BRAMs: 150 (col length: RAMB18 60 RAMB36 30)
---------------------------------------------------------------------------------
Finished Part Resource Summary
---------------------------------------------------------------------------------
---------------------------------------------------------------------------------
Start Cross Boundary and Area Optimization
---------------------------------------------------------------------------------
WARNING: [Synth 8-7080] Parallel synthesis criteria is not met
WARNING: [Synth 8-3917] design processor_top has port hex_seg_left[7] driven by constant 1
WARNING: [Synth 8-3917] design processor_top has port hex_seg_right[7] driven by constant 1
---------------------------------------------------------------------------------
Finished Cross Boundary and Area Optimization : Time (s): cpu = 00:00:06 ; elapsed = 00:00:18 . Memory (MB): peak = 1414.621 ; gain = 615.703
---------------------------------------------------------------------------------
---------------------------------------------------------------------------------
Start ROM, RAM, DSP, Shift Register and Retiming Reporting
---------------------------------------------------------------------------------

ROM: Preliminary Mapping Report
+--------------+----------------------------------------+---------------+----------------+
|Module Name   | RTL Object                             | Depth x Width | Implemented As | 
+--------------+----------------------------------------+---------------+----------------+
|processor_top | mem_subsystem/init_ram/address_reg_rep | 256x16        | Block RAM      | 
+--------------+----------------------------------------+---------------+----------------+

---------------------------------------------------------------------------------
Finished ROM, RAM, DSP, Shift Register and Retiming Reporting
---------------------------------------------------------------------------------
---------------------------------------------------------------------------------
Start Applying XDC Timing Constraints
---------------------------------------------------------------------------------
---------------------------------------------------------------------------------
Finished Applying XDC Timing Constraints : Time (s): cpu = 00:00:07 ; elapsed = 00:00:22 . Memory (MB): peak = 1414.621 ; gain = 615.703
---------------------------------------------------------------------------------
---------------------------------------------------------------------------------
Start Timing Optimization
---------------------------------------------------------------------------------
---------------------------------------------------------------------------------
Finished Timing Optimization : Time (s): cpu = 00:00:07 ; elapsed = 00:00:25 . Memory (MB): peak = 1414.621 ; gain = 615.703
---------------------------------------------------------------------------------
---------------------------------------------------------------------------------
Start Technology Mapping
---------------------------------------------------------------------------------
INFO: [Synth 8-7052] The timing for the instance mem_subsystem/init_ram/address_reg_rep (implemented as a Block RAM) might be sub-optimal as no optional output register could be merged into the ram block. Providing additional output register may help in improving timing.
---------------------------------------------------------------------------------
Finished Technology Mapping : Time (s): cpu = 00:00:07 ; elapsed = 00:00:25 . Memory (MB): peak = 1414.621 ; gain = 615.703
---------------------------------------------------------------------------------
---------------------------------------------------------------------------------
Start IO Insertion
---------------------------------------------------------------------------------
---------------------------------------------------------------------------------
Start Flattening Before IO Insertion
---------------------------------------------------------------------------------
---------------------------------------------------------------------------------
Finished Flattening Before IO Insertion
---------------------------------------------------------------------------------
---------------------------------------------------------------------------------
Start Final Netlist Cleanup
---------------------------------------------------------------------------------
---------------------------------------------------------------------------------
Finished Final Netlist Cleanup
---------------------------------------------------------------------------------
---------------------------------------------------------------------------------
Finished IO Insertion : Time (s): cpu = 00:00:08 ; elapsed = 00:00:28 . Memory (MB): peak = 1414.621 ; gain = 615.703
---------------------------------------------------------------------------------
---------------------------------------------------------------------------------
Start Renaming Generated Instances
---------------------------------------------------------------------------------
---------------------------------------------------------------------------------
Finished Renaming Generated Instances : Time (s): cpu = 00:00:08 ; elapsed = 00:00:28 . Memory (MB): peak = 1414.621 ; gain = 615.703
---------------------------------------------------------------------------------
---------------------------------------------------------------------------------
Start Rebuilding User Hierarchy
---------------------------------------------------------------------------------
---------------------------------------------------------------------------------
Finished Rebuilding User Hierarchy : Time (s): cpu = 00:00:08 ; elapsed = 00:00:28 . Memory (MB): peak = 1414.621 ; gain = 615.703
---------------------------------------------------------------------------------
---------------------------------------------------------------------------------
Start Renaming Generated Ports
---------------------------------------------------------------------------------
---------------------------------------------------------------------------------
Finished Renaming Generated Ports : Time (s): cpu = 00:00:08 ; elapsed = 00:00:28 . Memory (MB): peak = 1414.621 ; gain = 615.703
---------------------------------------------------------------------------------
---------------------------------------------------------------------------------
Start Handling Custom Attributes
---------------------------------------------------------------------------------
---------------------------------------------------------------------------------
Finished Handling Custom Attributes : Time (s): cpu = 00:00:08 ; elapsed = 00:00:28 . Memory (MB): peak = 1414.621 ; gain = 615.703
---------------------------------------------------------------------------------
---------------------------------------------------------------------------------
Start Renaming Generated Nets
---------------------------------------------------------------------------------
---------------------------------------------------------------------------------
Finished Renaming Generated Nets : Time (s): cpu = 00:00:08 ; elapsed = 00:00:28 . Memory (MB): peak = 1414.621 ; gain = 615.703
---------------------------------------------------------------------------------
---------------------------------------------------------------------------------
Start Writing Synthesis Report
---------------------------------------------------------------------------------

Report BlackBoxes: 
+------+--------------+----------+
|      |BlackBox name |Instances |
+------+--------------+----------+
|1     |blk_mem_gen_0 |         1|
+------+--------------+----------+

Report Cell Usage: 
+------+------------+------+
|      |Cell        |Count |
+------+------------+------+
|1     |blk_mem_gen |     1|
|2     |BUFG        |     1|
|3     |CARRY4      |    37|
|4     |LUT1        |     8|
|5     |LUT2        |    31|
|6     |LUT3        |    39|
|7     |LUT4        |    82|
|8     |LUT5        |   163|
|9     |LUT6        |   160|
|10    |RAMB18E1    |     1|
|11    |FDRE        |   339|
|12    |FDSE        |     1|
|13    |IBUF        |    20|
|14    |OBUF        |    40|
+------+------------+------+
---------------------------------------------------------------------------------
Finished Writing Synthesis Report : Time (s): cpu = 00:00:08 ; elapsed = 00:00:28 . Memory (MB): peak = 1414.621 ; gain = 615.703
---------------------------------------------------------------------------------
Synthesis finished with 0 errors, 0 critical warnings and 3 warnings.
Synthesis Optimization Runtime : Time (s): cpu = 00:00:06 ; elapsed = 00:00:27 . Memory (MB): peak = 1414.621 ; gain = 508.988
Synthesis Optimization Complete : Time (s): cpu = 00:00:08 ; elapsed = 00:00:28 . Memory (MB): peak = 1414.621 ; gain = 615.703
INFO: [Project 1-571] Translating synthesized netlist
Netlist sorting complete. Time (s): cpu = 00:00:00 ; elapsed = 00:00:00.011 . Memory (MB): peak = 1416.953 ; gain = 0.000
INFO: [Netlist 29-17] Analyzing 38 Unisim elements for replacement
INFO: [Netlist 29-28] Unisim Transformation completed in 0 CPU seconds
INFO: [Project 1-570] Preparing netlist for logic optimization
INFO: [Opt 31-138] Pushed 0 inverter(s) to 0 load pin(s).
Netlist sorting complete. Time (s): cpu = 00:00:00 ; elapsed = 00:00:00 . Memory (MB): peak = 1420.617 ; gain = 0.000
INFO: [Project 1-111] Unisim Transformation Summary:
No Unisim elements were transformed.

Synth Design complete, checksum: e1037058
INFO: [Common 17-83] Releasing license: Synthesis
87 Infos, 44 Warnings, 0 Critical Warnings and 0 Errors encountered.
synth_design completed successfully
synth_design: Time (s): cpu = 00:00:09 ; elapsed = 00:00:32 . Memory (MB): peak = 1420.617 ; gain = 995.695
INFO: [Common 17-1381] The checkpoint 'C:/Users/jkali/ece385/lab52/lab52_from_vi_email/lab52_from_vi_email.runs/synth_1/processor_top.dcp' has been generated.
INFO: [runtcl-4] Executing : report_utilization -file processor_top_utilization_synth.rpt -pb processor_top_utilization_synth.pb
INFO: [Common 17-206] Exiting Vivado at Thu Oct 10 15:37:48 2024...
